{"user":{"name":"\u90b9\u5f3a","avatar":"http:\/\/jigang.mojichina.com\/assets\/img\/avatar\/avatar.jpg"},"msg":{"cmd":"message","from":"2","channal":0,"data":"asdfsf","type":"text"},"time":1442043981,"type":"text"}
{"user":{"name":"\u7eaa\u521a","avatar":"http:\/\/tp2.sinaimg.cn\/1658423893\/50\/5668673952\/1"},"msg":{"cmd":"message","from":"1","channal":0,"data":"123213","type":"text"},"time":1442043991,"type":"text"}
{"user":{"name":"\u7eaa\u521a","avatar":"http:\/\/tp2.sinaimg.cn\/1658423893\/50\/5668673952\/1"},"msg":{"cmd":"message","from":"1","channal":0,"data":"1231321313","type":"text"},"time":1442043995,"type":"text"}
{"user":{"name":"\u90b9\u5f3a","avatar":"http:\/\/jigang.mojichina.com\/assets\/img\/avatar\/avatar.jpg"},"msg":{"cmd":"message","from":"2","channal":0,"data":"asdfsaf","type":"text"},"time":1442044627,"type":"text"}
{"user":{"name":"\u90b9\u5f3a","avatar":"http:\/\/jigang.mojichina.com\/assets\/img\/avatar\/avatar.jpg"},"msg":{"cmd":"message","from":"2","channal":0,"data":"dddd","type":"text"},"time":1442044629,"type":"text"}
{"user":{"name":"\u90b9\u5f3a","avatar":"http:\/\/jigang.mojichina.com\/assets\/img\/avatar\/avatar.jpg"},"msg":{"cmd":"message","from":"2","channal":0,"data":"123123","type":"text"},"time":1442044631,"type":"text"}
{"user":{"name":"\u90b9\u5f3a","avatar":"http:\/\/jigang.mojichina.com\/assets\/img\/avatar\/avatar.jpg"},"msg":{"cmd":"message","from":"2","channal":0,"data":"1213123","type":"text"},"time":1442044632,"type":"text"}
{"user":{"name":"\u90b9\u5f3a","avatar":"http:\/\/jigang.mojichina.com\/assets\/img\/avatar\/avatar.jpg"},"msg":{"cmd":"message","from":"2","channal":0,"data":"1231232","type":"text"},"time":1442044634,"type":"text"}
{"user":{"name":"\u7eaa\u521a","avatar":"http:\/\/tp2.sinaimg.cn\/1658423893\/50\/5668673952\/1"},"msg":{"cmd":"message","from":"1","channal":0,"data":"11111","type":"text"},"time":1442044639,"type":"text"}
{"user":{"name":"\u7eaa\u521a","avatar":"http:\/\/tp2.sinaimg.cn\/1658423893\/50\/5668673952\/1"},"msg":{"cmd":"message","from":"1","channal":0,"data":"111222222","type":"text"},"time":1442044642,"type":"text"}
{"user":{"name":"\u90b9\u5f3a","avatar":"http:\/\/jigang.mojichina.com\/assets\/img\/avatar\/avatar.jpg"},"msg":{"cmd":"message","from":"2","channal":0,"data":"33333","type":"text"},"time":1442044645,"type":"text"}
{"user":{"name":"\u7eaa\u521a","avatar":"http:\/\/tp2.sinaimg.cn\/1658423893\/50\/5668673952\/1"},"msg":{"cmd":"message","from":"1","channal":0,"data":"111111","type":"text"},"time":1442044670,"type":"text"}
{"user":{"name":"\u7eaa\u521a","avatar":"http:\/\/tp2.sinaimg.cn\/1658423893\/50\/5668673952\/1"},"msg":{"cmd":"message","from":"1","channal":0,"data":"222222","type":"text"},"time":1442044843,"type":"text"}
{"user":{"name":"\u7eaa\u521a","avatar":"http:\/\/tp2.sinaimg.cn\/1658423893\/50\/5668673952\/1"},"msg":{"cmd":"message","from":"1","channal":0,"data":"444444","type":"text"},"time":1442044855,"type":"text"}
{"user":{"name":"\u7eaa\u521a","avatar":"http:\/\/tp2.sinaimg.cn\/1658423893\/50\/5668673952\/1"},"msg":{"cmd":"message","from":"1","channal":0,"data":"5555","type":"text"},"time":1442044858,"type":"text"}
{"user":{"name":"\u7eaa\u521a","avatar":"http:\/\/tp2.sinaimg.cn\/1658423893\/50\/5668673952\/1"},"msg":{"cmd":"message","from":"1","channal":0,"data":"666666","type":"text"},"time":1442044916,"type":"text"}
{"user":{"name":"\u7eaa\u521a","avatar":"http:\/\/tp2.sinaimg.cn\/1658423893\/50\/5668673952\/1"},"msg":{"cmd":"message","from":"1","channal":0,"data":"7777","type":"text"},"time":1442045056,"type":"text"}
{"user":{"name":"\u7eaa\u521a","avatar":"http:\/\/tp2.sinaimg.cn\/1658423893\/50\/5668673952\/1"},"msg":{"cmd":"message","from":"1","channal":0,"data":"66666","type":"text"},"time":1442045099,"type":"text"}
{"user":{"name":"\u90b9\u5f3a","avatar":"http:\/\/jigang.mojichina.com\/assets\/img\/avatar\/avatar.jpg"},"msg":{"cmd":"message","from":"2","channal":0,"data":"9999","type":"text"},"time":1442045104,"type":"text"}
{"user":{"name":"\u90b9\u5f3a","avatar":"http:\/\/jigang.mojichina.com\/assets\/img\/avatar\/avatar.jpg"},"msg":{"cmd":"message","from":"2","channal":0,"data":"10101010","type":"text"},"time":1442045447,"type":"text"}
{"user":{"name":"\u7eaa\u521a","avatar":"http:\/\/tp2.sinaimg.cn\/1658423893\/50\/5668673952\/1"},"msg":{"cmd":"message","from":"1","channal":0,"data":"xxxxx","type":"text"},"time":1442045451,"type":"text"}
{"user":{"name":"\u7eaa\u521a","avatar":"http:\/\/tp2.sinaimg.cn\/1658423893\/50\/5668673952\/1"},"msg":{"cmd":"message","from":"1","channal":0,"data":"alalalaala","type":"text"},"time":1442045453,"type":"text"}
{"user":{"name":"\u7eaa\u521a","avatar":"http:\/\/tp2.sinaimg.cn\/1658423893\/50\/5668673952\/1"},"msg":{"cmd":"message","from":"1","channal":0,"data":"asdfsaf","type":"text"},"time":1442045818,"type":"text"}
{"user":{"name":"\u7eaa\u521a","avatar":"http:\/\/tp2.sinaimg.cn\/1658423893\/50\/5668673952\/1"},"msg":{"cmd":"message","from":"1","channal":0,"data":"asdf","type":"text"},"time":1442045819,"type":"text"}
{"user":{"name":"\u7eaa\u521a","avatar":"http:\/\/tp2.sinaimg.cn\/1658423893\/50\/5668673952\/1"},"msg":{"cmd":"message","from":"1","channal":0,"data":"asdf","type":"text"},"time":1442045819,"type":"text"}
{"user":{"name":"\u7eaa\u521a","avatar":"http:\/\/tp2.sinaimg.cn\/1658423893\/50\/5668673952\/1"},"msg":{"cmd":"message","from":"1","channal":0,"data":"asdf","type":"text"},"time":1442045819,"type":"text"}
{"user":{"name":"\u7eaa\u521a","avatar":"http:\/\/tp2.sinaimg.cn\/1658423893\/50\/5668673952\/1"},"msg":{"cmd":"message","from":"1","channal":0,"data":"sadf","type":"text"},"time":1442045820,"type":"text"}
{"user":{"name":"\u7eaa\u521a","avatar":"http:\/\/tp2.sinaimg.cn\/1658423893\/50\/5668673952\/1"},"msg":{"cmd":"message","from":"1","channal":0,"data":"sdaf","type":"text"},"time":1442045820,"type":"text"}
{"user":{"name":"\u7eaa\u521a","avatar":"http:\/\/tp2.sinaimg.cn\/1658423893\/50\/5668673952\/1"},"msg":{"cmd":"message","from":"1","channal":0,"data":"sadf","type":"text"},"time":1442045820,"type":"text"}
{"user":{"name":"\u7eaa\u521a","avatar":"http:\/\/tp2.sinaimg.cn\/1658423893\/50\/5668673952\/1"},"msg":{"cmd":"message","from":"1","channal":0,"data":"asdf","type":"text"},"time":1442045821,"type":"text"}
{"user":{"name":"\u7eaa\u521a","avatar":"http:\/\/tp2.sinaimg.cn\/1658423893\/50\/5668673952\/1"},"msg":{"cmd":"message","from":"1","channal":0,"data":"asdf","type":"text"},"time":1442045822,"type":"text"}
{"user":{"name":"\u7eaa\u521a","avatar":"http:\/\/tp2.sinaimg.cn\/1658423893\/50\/5668673952\/1"},"msg":{"cmd":"message","from":"1","channal":0,"data":"asdf","type":"text"},"time":1442045823,"type":"text"}
{"user":{"name":"\u7eaa\u521a","avatar":"http:\/\/tp2.sinaimg.cn\/1658423893\/50\/5668673952\/1"},"msg":{"cmd":"message","from":"1","channal":0,"data":"asdf","type":"text"},"time":1442045823,"type":"text"}
{"user":{"name":"\u7eaa\u521a","avatar":"http:\/\/tp2.sinaimg.cn\/1658423893\/50\/5668673952\/1"},"msg":{"cmd":"message","from":"1","channal":0,"data":"asdf","type":"text"},"time":1442045823,"type":"text"}
{"user":{"name":"\u7eaa\u521a","avatar":"http:\/\/tp2.sinaimg.cn\/1658423893\/50\/5668673952\/1"},"msg":{"cmd":"message","from":"1","channal":0,"data":"asdf","type":"text"},"time":1442045824,"type":"text"}
{"user":{"name":"\u7eaa\u521a","avatar":"http:\/\/tp2.sinaimg.cn\/1658423893\/50\/5668673952\/1"},"msg":{"cmd":"message","from":"1","channal":0,"data":"sadf","type":"text"},"time":1442045824,"type":"text"}
{"user":{"name":"\u7eaa\u521a","avatar":"http:\/\/tp2.sinaimg.cn\/1658423893\/50\/5668673952\/1"},"msg":{"cmd":"message","from":"1","channal":0,"data":"asdf","type":"text"},"time":1442045825,"type":"text"}
{"user":{"name":"\u7eaa\u521a","avatar":"http:\/\/tp2.sinaimg.cn\/1658423893\/50\/5668673952\/1"},"msg":{"cmd":"message","from":"1","channal":0,"data":"akljkdlsf","type":"text"},"time":1442045826,"type":"text"}
{"user":{"name":"\u7eaa\u521a","avatar":"http:\/\/tp2.sinaimg.cn\/1658423893\/50\/5668673952\/1"},"msg":{"cmd":"message","from":"1","channal":0,"data":"1afdasdfsdafsa1afdasdfsdafsa1afdasdfsdafsa1afdasdfsdafsa1afdasdfsdafsa1afdasdfsdafsa1afdasdfsdafsa1afdasdfsdafsa","type":"text"},"time":1442045853,"type":"text"}
{"user":{"name":"\u7eaa\u521a","avatar":"http:\/\/tp2.sinaimg.cn\/1658423893\/50\/5668673952\/1"},"msg":{"cmd":"message","from":"1","channal":0,"data":"1afdasdfsdafsa1afdasdfsdafsa1afdasdfsdafsa1afdasdfsdafsa1afdasdfsdafsa1afdasdfsdafsa1afdasdfsdafsa1afdasdfsdafsa1afdasdfsdafsa1afdasdfsdafsa","type":"text"},"time":1442045855,"type":"text"}
{"user":{"name":"\u7eaa\u521a","avatar":"http:\/\/tp2.sinaimg.cn\/1658423893\/50\/5668673952\/1"},"msg":{"cmd":"message","from":"1","channal":0,"data":"131232331","type":"text"},"time":1442046131,"type":"text"}
{"user":{"name":"\u7eaa\u521a","avatar":"http:\/\/tp2.sinaimg.cn\/1658423893\/50\/5668673952\/1"},"msg":{"cmd":"message","from":"1","channal":0,"data":"12321313131231232asfsafsafsafsadfsafasdfasfdsadf","type":"text"},"time":1442046137,"type":"text"}
{"user":{"name":"\u7eaa\u521a","avatar":"http:\/\/tp2.sinaimg.cn\/1658423893\/50\/5668673952\/1"},"msg":{"cmd":"message","from":"1","channal":0,"data":"adsfasfsafsafasdfsfafsafsdf<br&nbsp;>asdfsafsafdsf","type":"text"},"time":1442046144,"type":"text"}
{"user":{"name":"\u7eaa\u521a","avatar":"http:\/\/tp2.sinaimg.cn\/1658423893\/50\/5668673952\/1"},"msg":{"cmd":"message","from":"1","channal":0,"data":"asfsafasfsadfsad&nbsp;<\/ br>asdfasfasdfsa","type":"text"},"time":1442046153,"type":"text"}
{"user":{"name":"\u7eaa\u521a","avatar":"http:\/\/tp2.sinaimg.cn\/1658423893\/50\/5668673952\/1"},"msg":{"cmd":"message","from":"1","channal":0,"data":"kljlkjkjljkjkllkjkjjkljlkjlkjlkjljljkljlkjkllkkkljlkkllkjkljljkljkljklj","type":"text"},"time":1442046574,"type":"text"}
{"user":{"name":"\u7eaa\u521a","avatar":"http:\/\/tp2.sinaimg.cn\/1658423893\/50\/5668673952\/1"},"msg":{"cmd":"message","from":"1","channal":0,"data":"kljlkjkjljkjkllkjkjjkljlkjlkjlkjljljkljlkjkllkkkljlkkllkjkljljkljkljklj&nbsp;kljlkjkjljkjkllkjkjjkljlkjlkjlkjljljkljlkjkllkkkljlkkllkjkljljkljkljklj kljlkjkjljkjkllkjkjjkljlkjlkjlkjljljkljlkjkllkkkljlkkllkjkljljkljkljklj kljlkjkjljkjkllkjkjjkljlkjlkjlkjljljkljlkjkllkkkljlkkllkjkljljkljkljklj kljlkjkjljkjkllkjkjjkljlkjlkjlkjljljkljlkjkllkkkljlkkllkjkljljkljkljklj kljlkjkjljkjkllkjkjjkljlkjlkjlkjljljkljlkjkllkkkljlkkllkjkljljkljkljklj kljlkjkjljkjkllkjkjjkljlkjlkjlkjljljkljlkjkllkkkljlkkllkjkljljkljkljklj kljlkjkjljkjkllkjkjjkljlkjlkjlkjljljkljlkjkllkkkljlkkllkjkljljkljkljklj kljlkjkjljkjkllkjkjjkljlkjlkjlkjljljkljlkjkllkkkljlkkllkjkljljkljkljklj llj","type":"text"},"time":1442046584,"type":"text"}
{"user":{"name":"\u675c\u79c0\u534e","avatar":"http:\/\/jigang.mojichina.com\/assets\/img\/avatar\/avatar.jpg"},"msg":{"cmd":"message","from":"4","channal":0,"data":"23121312312","type":"text"},"time":1442046790,"type":"text"}
{"user":{"name":"\u90b9\u5f3a","avatar":"http:\/\/jigang.mojichina.com\/assets\/img\/avatar\/avatar.jpg"},"msg":{"cmd":"message","from":"2","channal":0,"data":"11111","type":"text"},"time":1442046804,"type":"text"}
{"user":{"name":"\u8d75\u6625\u91ce","avatar":"http:\/\/jigang.mojichina.com\/assets\/img\/avatar\/avatar.jpg"},"msg":{"cmd":"message","from":"3","channal":0,"data":"asdfasf","type":"text"},"time":1442046812,"type":"text"}
{"user":{"name":"\u8d75\u6625\u91ce","avatar":"http:\/\/jigang.mojichina.com\/assets\/img\/avatar\/avatar.jpg"},"msg":{"cmd":"message","from":"3","channal":0,"data":"xxxxxx","type":"text"},"time":1442046815,"type":"text"}
{"user":{"name":"\u675c\u79c0\u534e","avatar":"http:\/\/jigang.mojichina.com\/assets\/img\/avatar\/avatar.jpg"},"msg":{"cmd":"message","from":"4","channal":0,"data":"1231231312","type":"text"},"time":1442046820,"type":"text"}
{"user":{"name":"\u90b9\u5f3a","avatar":"http:\/\/jigang.mojichina.com\/assets\/img\/avatar\/avatar.jpg"},"msg":{"cmd":"message","from":"2","channal":0,"data":"asdfasf","type":"text"},"time":1442046833,"type":"text"}
{"user":{"name":"\u90b9\u5f3a","avatar":"http:\/\/jigang.mojichina.com\/assets\/img\/avatar\/avatar.jpg"},"msg":{"cmd":"message","from":"2","channal":0,"data":"121112313","type":"text"},"time":1442046840,"type":"text"}
{"user":{"name":"\u7eaa\u521a","avatar":"http:\/\/tp2.sinaimg.cn\/1658423893\/50\/5668673952\/1"},"msg":{"cmd":"message","from":"1","channal":0,"data":"asdfasfsafj","type":"text"},"time":1442047125,"type":"text"}
{"user":{"name":"\u7eaa\u521a","avatar":"http:\/\/tp2.sinaimg.cn\/1658423893\/50\/5668673952\/1"},"msg":{"cmd":"message","from":"1","channal":0,"data":"asdflasfdasf","type":"text"},"time":1442047126,"type":"text"}
{"user":{"name":"\u7eaa\u521a","avatar":"http:\/\/tp2.sinaimg.cn\/1658423893\/50\/5668673952\/1"},"msg":{"cmd":"message","from":"1","channal":0,"data":"asdflasdf","type":"text"},"time":1442047126,"type":"text"}
{"user":{"name":"\u7eaa\u521a","avatar":"http:\/\/tp2.sinaimg.cn\/1658423893\/50\/5668673952\/1"},"msg":{"cmd":"message","from":"1","channal":0,"data":"a","type":"text"},"time":1442047127,"type":"text"}
